[36m--[0m Using CATKIN_DEVEL_PREFIX: /home/laboratorio/ros_workspace/devel/.private/proyecto_final
[36m--[0m Using CMAKE_PREFIX_PATH: /home/laboratorio/ros_workspace/devel;/opt/ros/noetic
[36m--[0m This workspace overlays: /home/laboratorio/ros_workspace/devel;/opt/ros/noetic
[36m--[0m Found PythonInterp: /usr/bin/python3 (found suitable version "3.8.10", minimum required is "3")
[36m--[0m Using PYTHON_EXECUTABLE: /usr/bin/python3
[36m--[0m Using Debian Python package layout
[36m--[0m Using empy: /usr/lib/python3/dist-packages/em.py
[36m--[0m Using CATKIN_ENABLE_TESTING: ON
[36m--[0m Call enable_testing()
[36m--[0m Using CATKIN_TEST_RESULTS_DIR: /home/laboratorio/ros_workspace/build/proyecto_final/test_results
[36m--[0m Forcing gtest/gmock from source, though one was otherwise available.
[36m--[0m Found gtest sources under '/usr/src/googletest': gtests will be built
[36m--[0m Found gmock sources under '/usr/src/googletest': gmock will be built
[36m--[0m Found PythonInterp: /usr/bin/python3 (found version "3.8.10")
[36m--[0m Using Python nosetests: /usr/bin/nosetests3
[36m--[0m catkin 0.8.10
[36m--[0m BUILD_SHARED_LIBS is on
[31m[1mCMake Error[0m at /home/laboratorio/ros_workspace/src/proyecto_final/CMakeLists.txt:17 (add_message_files):
  Unknown CMake command "add_message_files".


[36m--[0m Configuring incomplete, errors occurred!
See also "/home/laboratorio/ros_workspace/build/proyecto_final/CMakeFiles/CMakeOutput.log".
See also "/home/laboratorio/ros_workspace/build/proyecto_final/CMakeFiles/CMakeError.log".
make: *** [Makefile:1258: cmake_check_build_system] Error 1
