Symlinking /home/laboratorio/ros_workspace/devel/lib/pkgconfig/proyecto_final.pc
Symlinking /home/laboratorio/ros_workspace/devel/lib/proyecto_final/control_robot.py
Symlinking /home/laboratorio/ros_workspace/devel/lib/proyecto_final/cmake.lock
Symlinking /home/laboratorio/ros_workspace/devel/lib/python3/dist-packages/proyecto_final/__init__.py
Symlinking /home/laboratorio/ros_workspace/devel/lib/python3/dist-packages/proyecto_final/msg/_HandActionFeedback.py
Symlinking /home/laboratorio/ros_workspace/devel/lib/python3/dist-packages/proyecto_final/msg/_HandResult.py
Symlinking /home/laboratorio/ros_workspace/devel/lib/python3/dist-packages/proyecto_final/msg/_HandActionResult.py
Symlinking /home/laboratorio/ros_workspace/devel/lib/python3/dist-packages/proyecto_final/msg/_FigurasActionFeedback.py
Symlinking /home/laboratorio/ros_workspace/devel/lib/python3/dist-packages/proyecto_final/msg/_CubosAction.py
Symlinking /home/laboratorio/ros_workspace/devel/lib/python3/dist-packages/proyecto_final/msg/_CubosResult.py
Symlinking /home/laboratorio/ros_workspace/devel/lib/python3/dist-packages/proyecto_final/msg/__init__.py
Symlinking /home/laboratorio/ros_workspace/devel/lib/python3/dist-packages/proyecto_final/msg/_HandActionGoal.py
Symlinking /home/laboratorio/ros_workspace/devel/lib/python3/dist-packages/proyecto_final/msg/_FigurasAction.py
Symlinking /home/laboratorio/ros_workspace/devel/lib/python3/dist-packages/proyecto_final/msg/_HandAction.py
Symlinking /home/laboratorio/ros_workspace/devel/lib/python3/dist-packages/proyecto_final/msg/_CubosActionResult.py
Symlinking /home/laboratorio/ros_workspace/devel/lib/python3/dist-packages/proyecto_final/msg/_CubosFeedback.py
Symlinking /home/laboratorio/ros_workspace/devel/lib/python3/dist-packages/proyecto_final/msg/_FigurasFeedback.py
Symlinking /home/laboratorio/ros_workspace/devel/lib/python3/dist-packages/proyecto_final/msg/_FigurasResult.py
Symlinking /home/laboratorio/ros_workspace/devel/lib/python3/dist-packages/proyecto_final/msg/_HandGoal.py
Symlinking /home/laboratorio/ros_workspace/devel/lib/python3/dist-packages/proyecto_final/msg/_FigurasActionGoal.py
Symlinking /home/laboratorio/ros_workspace/devel/lib/python3/dist-packages/proyecto_final/msg/_CubosActionFeedback.py
Symlinking /home/laboratorio/ros_workspace/devel/lib/python3/dist-packages/proyecto_final/msg/_CubosActionGoal.py
Symlinking /home/laboratorio/ros_workspace/devel/lib/python3/dist-packages/proyecto_final/msg/_FigurasGoal.py
Symlinking /home/laboratorio/ros_workspace/devel/lib/python3/dist-packages/proyecto_final/msg/_FigurasActionResult.py
Symlinking /home/laboratorio/ros_workspace/devel/lib/python3/dist-packages/proyecto_final/msg/_CubosGoal.py
Symlinking /home/laboratorio/ros_workspace/devel/lib/python3/dist-packages/proyecto_final/msg/_IdCubos.py
Symlinking /home/laboratorio/ros_workspace/devel/lib/python3/dist-packages/proyecto_final/msg/_HandData.py
Symlinking /home/laboratorio/ros_workspace/devel/lib/python3/dist-packages/proyecto_final/msg/_HandFeedback.py
Symlinking /home/laboratorio/ros_workspace/devel/include/proyecto_final/HandActionFeedback.h
Symlinking /home/laboratorio/ros_workspace/devel/include/proyecto_final/FigurasActionResult.h
Symlinking /home/laboratorio/ros_workspace/devel/include/proyecto_final/HandResult.h
Symlinking /home/laboratorio/ros_workspace/devel/include/proyecto_final/CubosGoal.h
Symlinking /home/laboratorio/ros_workspace/devel/include/proyecto_final/HandAction.h
Symlinking /home/laboratorio/ros_workspace/devel/include/proyecto_final/CubosActionResult.h
Symlinking /home/laboratorio/ros_workspace/devel/include/proyecto_final/HandFeedback.h
Symlinking /home/laboratorio/ros_workspace/devel/include/proyecto_final/IdCubos.h
Symlinking /home/laboratorio/ros_workspace/devel/include/proyecto_final/CubosFeedback.h
Symlinking /home/laboratorio/ros_workspace/devel/include/proyecto_final/FigurasGoal.h
Symlinking /home/laboratorio/ros_workspace/devel/include/proyecto_final/CubosActionGoal.h
Symlinking /home/laboratorio/ros_workspace/devel/include/proyecto_final/HandActionResult.h
Symlinking /home/laboratorio/ros_workspace/devel/include/proyecto_final/CubosAction.h
Symlinking /home/laboratorio/ros_workspace/devel/include/proyecto_final/CubosActionFeedback.h
Symlinking /home/laboratorio/ros_workspace/devel/include/proyecto_final/HandData.h
Symlinking /home/laboratorio/ros_workspace/devel/include/proyecto_final/FigurasActionFeedback.h
Symlinking /home/laboratorio/ros_workspace/devel/include/proyecto_final/FigurasAction.h
Symlinking /home/laboratorio/ros_workspace/devel/include/proyecto_final/CubosResult.h
Symlinking /home/laboratorio/ros_workspace/devel/include/proyecto_final/FigurasActionGoal.h
Symlinking /home/laboratorio/ros_workspace/devel/include/proyecto_final/FigurasFeedback.h
Symlinking /home/laboratorio/ros_workspace/devel/include/proyecto_final/FigurasResult.h
Symlinking /home/laboratorio/ros_workspace/devel/include/proyecto_final/HandGoal.h
Symlinking /home/laboratorio/ros_workspace/devel/include/proyecto_final/HandActionGoal.h
Symlinking /home/laboratorio/ros_workspace/devel/share/common-lisp/ros/proyecto_final/msg/_package.lisp
Symlinking /home/laboratorio/ros_workspace/devel/share/common-lisp/ros/proyecto_final/msg/_package_HandActionGoal.lisp
Symlinking /home/laboratorio/ros_workspace/devel/share/common-lisp/ros/proyecto_final/msg/_package_HandResult.lisp
Symlinking /home/laboratorio/ros_workspace/devel/share/common-lisp/ros/proyecto_final/msg/_package_CubosResult.lisp
Symlinking /home/laboratorio/ros_workspace/devel/share/common-lisp/ros/proyecto_final/msg/_package_IdCubos.lisp
Symlinking /home/laboratorio/ros_workspace/devel/share/common-lisp/ros/proyecto_final/msg/HandResult.lisp
Symlinking /home/laboratorio/ros_workspace/devel/share/common-lisp/ros/proyecto_final/msg/CubosActionResult.lisp
Symlinking /home/laboratorio/ros_workspace/devel/share/common-lisp/ros/proyecto_final/msg/_package_FigurasAction.lisp
Symlinking /home/laboratorio/ros_workspace/devel/share/common-lisp/ros/proyecto_final/msg/HandData.lisp
Symlinking /home/laboratorio/ros_workspace/devel/share/common-lisp/ros/proyecto_final/msg/FigurasGoal.lisp
Symlinking /home/laboratorio/ros_workspace/devel/share/common-lisp/ros/proyecto_final/msg/FigurasActionGoal.lisp
Symlinking /home/laboratorio/ros_workspace/devel/share/common-lisp/ros/proyecto_final/msg/HandFeedback.lisp
Symlinking /home/laboratorio/ros_workspace/devel/share/common-lisp/ros/proyecto_final/msg/_package_FigurasGoal.lisp
Symlinking /home/laboratorio/ros_workspace/devel/share/common-lisp/ros/proyecto_final/msg/_package_FigurasResult.lisp
Symlinking /home/laboratorio/ros_workspace/devel/share/common-lisp/ros/proyecto_final/msg/_package_CubosFeedback.lisp
Symlinking /home/laboratorio/ros_workspace/devel/share/common-lisp/ros/proyecto_final/msg/_package_HandData.lisp
Symlinking /home/laboratorio/ros_workspace/devel/share/common-lisp/ros/proyecto_final/msg/_package_FigurasActionGoal.lisp
Symlinking /home/laboratorio/ros_workspace/devel/share/common-lisp/ros/proyecto_final/msg/_package_HandActionFeedback.lisp
Symlinking /home/laboratorio/ros_workspace/devel/share/common-lisp/ros/proyecto_final/msg/_package_FigurasActionResult.lisp
Symlinking /home/laboratorio/ros_workspace/devel/share/common-lisp/ros/proyecto_final/msg/_package_FigurasFeedback.lisp
Symlinking /home/laboratorio/ros_workspace/devel/share/common-lisp/ros/proyecto_final/msg/_package_CubosActionResult.lisp
Symlinking /home/laboratorio/ros_workspace/devel/share/common-lisp/ros/proyecto_final/msg/_package_HandActionResult.lisp
Symlinking /home/laboratorio/ros_workspace/devel/share/common-lisp/ros/proyecto_final/msg/CubosResult.lisp
Symlinking /home/laboratorio/ros_workspace/devel/share/common-lisp/ros/proyecto_final/msg/CubosGoal.lisp
Symlinking /home/laboratorio/ros_workspace/devel/share/common-lisp/ros/proyecto_final/msg/_package_HandFeedback.lisp
Symlinking /home/laboratorio/ros_workspace/devel/share/common-lisp/ros/proyecto_final/msg/_package_CubosActionFeedback.lisp
Symlinking /home/laboratorio/ros_workspace/devel/share/common-lisp/ros/proyecto_final/msg/_package_FigurasActionFeedback.lisp
Symlinking /home/laboratorio/ros_workspace/devel/share/common-lisp/ros/proyecto_final/msg/FigurasAction.lisp
Symlinking /home/laboratorio/ros_workspace/devel/share/common-lisp/ros/proyecto_final/msg/FigurasActionResult.lisp
Symlinking /home/laboratorio/ros_workspace/devel/share/common-lisp/ros/proyecto_final/msg/FigurasActionFeedback.lisp
Symlinking /home/laboratorio/ros_workspace/devel/share/common-lisp/ros/proyecto_final/msg/_package_CubosActionGoal.lisp
Symlinking /home/laboratorio/ros_workspace/devel/share/common-lisp/ros/proyecto_final/msg/HandActionGoal.lisp
Symlinking /home/laboratorio/ros_workspace/devel/share/common-lisp/ros/proyecto_final/msg/CubosAction.lisp
Symlinking /home/laboratorio/ros_workspace/devel/share/common-lisp/ros/proyecto_final/msg/HandAction.lisp
Symlinking /home/laboratorio/ros_workspace/devel/share/common-lisp/ros/proyecto_final/msg/HandActionResult.lisp
Symlinking /home/laboratorio/ros_workspace/devel/share/common-lisp/ros/proyecto_final/msg/CubosActionFeedback.lisp
Symlinking /home/laboratorio/ros_workspace/devel/share/common-lisp/ros/proyecto_final/msg/_package_HandAction.lisp
Symlinking /home/laboratorio/ros_workspace/devel/share/common-lisp/ros/proyecto_final/msg/HandActionFeedback.lisp
Symlinking /home/laboratorio/ros_workspace/devel/share/common-lisp/ros/proyecto_final/msg/CubosFeedback.lisp
Symlinking /home/laboratorio/ros_workspace/devel/share/common-lisp/ros/proyecto_final/msg/proyecto_final-msg.asd
Symlinking /home/laboratorio/ros_workspace/devel/share/common-lisp/ros/proyecto_final/msg/FigurasResult.lisp
Symlinking /home/laboratorio/ros_workspace/devel/share/common-lisp/ros/proyecto_final/msg/_package_HandGoal.lisp
Symlinking /home/laboratorio/ros_workspace/devel/share/common-lisp/ros/proyecto_final/msg/_package_CubosAction.lisp
Symlinking /home/laboratorio/ros_workspace/devel/share/common-lisp/ros/proyecto_final/msg/FigurasFeedback.lisp
Symlinking /home/laboratorio/ros_workspace/devel/share/common-lisp/ros/proyecto_final/msg/HandGoal.lisp
Symlinking /home/laboratorio/ros_workspace/devel/share/common-lisp/ros/proyecto_final/msg/_package_CubosGoal.lisp
Symlinking /home/laboratorio/ros_workspace/devel/share/common-lisp/ros/proyecto_final/msg/IdCubos.lisp
Symlinking /home/laboratorio/ros_workspace/devel/share/common-lisp/ros/proyecto_final/msg/CubosActionGoal.lisp
Symlinking /home/laboratorio/ros_workspace/devel/share/proyecto_final/msg/CubosResult.msg
Symlinking /home/laboratorio/ros_workspace/devel/share/proyecto_final/msg/CubosActionGoal.msg
Symlinking /home/laboratorio/ros_workspace/devel/share/proyecto_final/msg/CubosActionFeedback.msg
Symlinking /home/laboratorio/ros_workspace/devel/share/proyecto_final/msg/FigurasActionGoal.msg
Symlinking /home/laboratorio/ros_workspace/devel/share/proyecto_final/msg/FigurasActionResult.msg
Symlinking /home/laboratorio/ros_workspace/devel/share/proyecto_final/msg/CubosAction.msg
Symlinking /home/laboratorio/ros_workspace/devel/share/proyecto_final/msg/CubosActionResult.msg
Symlinking /home/laboratorio/ros_workspace/devel/share/proyecto_final/msg/FigurasResult.msg
Symlinking /home/laboratorio/ros_workspace/devel/share/proyecto_final/msg/HandFeedback.msg
Symlinking /home/laboratorio/ros_workspace/devel/share/proyecto_final/msg/HandActionGoal.msg
Symlinking /home/laboratorio/ros_workspace/devel/share/proyecto_final/msg/HandGoal.msg
Symlinking /home/laboratorio/ros_workspace/devel/share/proyecto_final/msg/FigurasActionFeedback.msg
Symlinking /home/laboratorio/ros_workspace/devel/share/proyecto_final/msg/CubosGoal.msg
Symlinking /home/laboratorio/ros_workspace/devel/share/proyecto_final/msg/HandActionResult.msg
Symlinking /home/laboratorio/ros_workspace/devel/share/proyecto_final/msg/HandActionFeedback.msg
Symlinking /home/laboratorio/ros_workspace/devel/share/proyecto_final/msg/HandResult.msg
Symlinking /home/laboratorio/ros_workspace/devel/share/proyecto_final/msg/FigurasAction.msg
Symlinking /home/laboratorio/ros_workspace/devel/share/proyecto_final/msg/HandAction.msg
Symlinking /home/laboratorio/ros_workspace/devel/share/proyecto_final/msg/FigurasFeedback.msg
Symlinking /home/laboratorio/ros_workspace/devel/share/proyecto_final/msg/CubosFeedback.msg
Symlinking /home/laboratorio/ros_workspace/devel/share/proyecto_final/msg/FigurasGoal.msg
Symlinking /home/laboratorio/ros_workspace/devel/share/proyecto_final/cmake/proyecto_final-msg-extras.cmake
Symlinking /home/laboratorio/ros_workspace/devel/share/proyecto_final/cmake/proyecto_finalConfig.cmake
Symlinking /home/laboratorio/ros_workspace/devel/share/proyecto_final/cmake/proyecto_final-msg-paths.cmake
Symlinking /home/laboratorio/ros_workspace/devel/share/proyecto_final/cmake/proyecto_finalConfig-version.cmake
Symlinking /home/laboratorio/ros_workspace/devel/share/gennodejs/ros/proyecto_final/_index.js
Symlinking /home/laboratorio/ros_workspace/devel/share/gennodejs/ros/proyecto_final/msg/FigurasAction.js
Symlinking /home/laboratorio/ros_workspace/devel/share/gennodejs/ros/proyecto_final/msg/HandGoal.js
Symlinking /home/laboratorio/ros_workspace/devel/share/gennodejs/ros/proyecto_final/msg/FigurasGoal.js
Symlinking /home/laboratorio/ros_workspace/devel/share/gennodejs/ros/proyecto_final/msg/FigurasActionGoal.js
Symlinking /home/laboratorio/ros_workspace/devel/share/gennodejs/ros/proyecto_final/msg/IdCubos.js
Symlinking /home/laboratorio/ros_workspace/devel/share/gennodejs/ros/proyecto_final/msg/CubosActionResult.js
Symlinking /home/laboratorio/ros_workspace/devel/share/gennodejs/ros/proyecto_final/msg/HandActionFeedback.js
Symlinking /home/laboratorio/ros_workspace/devel/share/gennodejs/ros/proyecto_final/msg/CubosGoal.js
Symlinking /home/laboratorio/ros_workspace/devel/share/gennodejs/ros/proyecto_final/msg/FigurasResult.js
Symlinking /home/laboratorio/ros_workspace/devel/share/gennodejs/ros/proyecto_final/msg/CubosResult.js
Symlinking /home/laboratorio/ros_workspace/devel/share/gennodejs/ros/proyecto_final/msg/_index.js
Symlinking /home/laboratorio/ros_workspace/devel/share/gennodejs/ros/proyecto_final/msg/CubosFeedback.js
Symlinking /home/laboratorio/ros_workspace/devel/share/gennodejs/ros/proyecto_final/msg/CubosAction.js
Symlinking /home/laboratorio/ros_workspace/devel/share/gennodejs/ros/proyecto_final/msg/HandFeedback.js
Symlinking /home/laboratorio/ros_workspace/devel/share/gennodejs/ros/proyecto_final/msg/HandResult.js
Symlinking /home/laboratorio/ros_workspace/devel/share/gennodejs/ros/proyecto_final/msg/HandActionResult.js
Symlinking /home/laboratorio/ros_workspace/devel/share/gennodejs/ros/proyecto_final/msg/HandAction.js
Symlinking /home/laboratorio/ros_workspace/devel/share/gennodejs/ros/proyecto_final/msg/CubosActionGoal.js
Symlinking /home/laboratorio/ros_workspace/devel/share/gennodejs/ros/proyecto_final/msg/FigurasActionFeedback.js
Symlinking /home/laboratorio/ros_workspace/devel/share/gennodejs/ros/proyecto_final/msg/HandActionGoal.js
Symlinking /home/laboratorio/ros_workspace/devel/share/gennodejs/ros/proyecto_final/msg/FigurasActionResult.js
Symlinking /home/laboratorio/ros_workspace/devel/share/gennodejs/ros/proyecto_final/msg/HandData.js
Symlinking /home/laboratorio/ros_workspace/devel/share/gennodejs/ros/proyecto_final/msg/CubosActionFeedback.js
Symlinking /home/laboratorio/ros_workspace/devel/share/gennodejs/ros/proyecto_final/msg/FigurasFeedback.js
Symlinking /home/laboratorio/ros_workspace/devel/share/roseus/ros/proyecto_final/manifest.l
Symlinking /home/laboratorio/ros_workspace/devel/share/roseus/ros/proyecto_final/msg/FigurasActionFeedback.l
Symlinking /home/laboratorio/ros_workspace/devel/share/roseus/ros/proyecto_final/msg/CubosActionGoal.l
Symlinking /home/laboratorio/ros_workspace/devel/share/roseus/ros/proyecto_final/msg/HandAction.l
Symlinking /home/laboratorio/ros_workspace/devel/share/roseus/ros/proyecto_final/msg/HandActionResult.l
Symlinking /home/laboratorio/ros_workspace/devel/share/roseus/ros/proyecto_final/msg/FigurasFeedback.l
Symlinking /home/laboratorio/ros_workspace/devel/share/roseus/ros/proyecto_final/msg/FigurasActionResult.l
Symlinking /home/laboratorio/ros_workspace/devel/share/roseus/ros/proyecto_final/msg/FigurasResult.l
Symlinking /home/laboratorio/ros_workspace/devel/share/roseus/ros/proyecto_final/msg/FigurasAction.l
Symlinking /home/laboratorio/ros_workspace/devel/share/roseus/ros/proyecto_final/msg/CubosActionResult.l
Symlinking /home/laboratorio/ros_workspace/devel/share/roseus/ros/proyecto_final/msg/HandGoal.l
Symlinking /home/laboratorio/ros_workspace/devel/share/roseus/ros/proyecto_final/msg/HandData.l
Symlinking /home/laboratorio/ros_workspace/devel/share/roseus/ros/proyecto_final/msg/CubosResult.l
Symlinking /home/laboratorio/ros_workspace/devel/share/roseus/ros/proyecto_final/msg/HandActionFeedback.l
Symlinking /home/laboratorio/ros_workspace/devel/share/roseus/ros/proyecto_final/msg/HandFeedback.l
Symlinking /home/laboratorio/ros_workspace/devel/share/roseus/ros/proyecto_final/msg/FigurasActionGoal.l
Symlinking /home/laboratorio/ros_workspace/devel/share/roseus/ros/proyecto_final/msg/HandActionGoal.l
Symlinking /home/laboratorio/ros_workspace/devel/share/roseus/ros/proyecto_final/msg/CubosFeedback.l
Symlinking /home/laboratorio/ros_workspace/devel/share/roseus/ros/proyecto_final/msg/HandResult.l
Symlinking /home/laboratorio/ros_workspace/devel/share/roseus/ros/proyecto_final/msg/CubosGoal.l
Symlinking /home/laboratorio/ros_workspace/devel/share/roseus/ros/proyecto_final/msg/CubosActionFeedback.l
Symlinking /home/laboratorio/ros_workspace/devel/share/roseus/ros/proyecto_final/msg/IdCubos.l
Symlinking /home/laboratorio/ros_workspace/devel/share/roseus/ros/proyecto_final/msg/FigurasGoal.l
Symlinking /home/laboratorio/ros_workspace/devel/share/roseus/ros/proyecto_final/msg/CubosAction.l
