[  0%] Built target std_msgs_generate_messages_lisp
[  0%] Built target _proyecto_final_generate_messages_check_deps_FigurasGoal
[  0%] Built target _proyecto_final_generate_messages_check_deps_CubosAction
[  0%] Built target _proyecto_final_generate_messages_check_deps_HandResult
[  0%] Built target _proyecto_final_generate_messages_check_deps_CubosActionFeedback
[  0%] Built target _proyecto_final_generate_messages_check_deps_HandAction
[  0%] Built target _proyecto_final_generate_messages_check_deps_HandFeedback
[  0%] Built target _proyecto_final_generate_messages_check_deps_IdCubos
[  0%] Built target geometry_msgs_generate_messages_lisp
[  0%] Built target _proyecto_final_generate_messages_check_deps_FigurasAction
[  0%] Built target actionlib_msgs_generate_messages_lisp
[  0%] Built target _proyecto_final_generate_messages_check_deps_HandData
[  0%] Built target _proyecto_final_generate_messages_check_deps_HandGoal
[  0%] Built target _proyecto_final_generate_messages_check_deps_CubosFeedback
[  0%] Built target _proyecto_final_generate_messages_check_deps_HandActionGoal
[  0%] Built target _proyecto_final_generate_messages_check_deps_CubosActionGoal
[  0%] Built target _proyecto_final_generate_messages_check_deps_CubosActionResult
[  0%] Built target _proyecto_final_generate_messages_check_deps_HandActionFeedback
[  0%] Built target _proyecto_final_generate_messages_check_deps_CubosGoal
[  0%] Built target _proyecto_final_generate_messages_check_deps_HandActionResult
[  0%] Built target _proyecto_final_generate_messages_check_deps_FigurasActionGoal
[  0%] Built target _proyecto_final_generate_messages_check_deps_CubosResult
[  0%] Built target _proyecto_final_generate_messages_check_deps_FigurasActionResult
[  0%] Built target _proyecto_final_generate_messages_check_deps_FigurasActionFeedback
[  0%] Built target _proyecto_final_generate_messages_check_deps_FigurasResult
[  0%] Built target actionlib_msgs_generate_messages_py
[  0%] Built target _proyecto_final_generate_messages_check_deps_FigurasFeedback
[  0%] Built target std_msgs_generate_messages_py
[  0%] Built target geometry_msgs_generate_messages_py
[  0%] Built target geometry_msgs_generate_messages_nodejs
[  0%] Built target actionlib_msgs_generate_messages_nodejs
[  0%] Built target geometry_msgs_generate_messages_cpp
[  0%] Built target std_msgs_generate_messages_nodejs
[  0%] Built target std_msgs_generate_messages_cpp
[  0%] Built target actionlib_msgs_generate_messages_cpp
[  0%] Built target actionlib_msgs_generate_messages_eus
[  0%] Built target geometry_msgs_generate_messages_eus
[  0%] Built target std_msgs_generate_messages_eus
[  1%] [34m[1mGenerating Lisp code from proyecto_final/HandData.msg[0m
[  2%] [34m[1mGenerating Python from MSG proyecto_final/HandData[0m
[  3%] [34m[1mGenerating Python from MSG proyecto_final/HandAction[0m
[  4%] [34m[1mGenerating Python from MSG proyecto_final/HandActionResult[0m
[  5%] [34m[1mGenerating Javascript code from proyecto_final/HandData.msg[0m
[  6%] [34m[1mGenerating C++ code from proyecto_final/HandData.msg[0m
[  7%] [34m[1mGenerating Javascript code from proyecto_final/HandAction.msg[0m
[  8%] [34m[1mGenerating Javascript code from proyecto_final/HandActionResult.msg[0m
[  9%] [34m[1mGenerating C++ code from proyecto_final/HandAction.msg[0m
[ 10%] [34m[1mGenerating Python from MSG proyecto_final/HandResult[0m
[ 11%] [34m[1mGenerating Lisp code from proyecto_final/HandAction.msg[0m
[ 12%] [34m[1mGenerating C++ code from proyecto_final/HandActionResult.msg[0m
[ 13%] [34m[1mGenerating Javascript code from proyecto_final/HandResult.msg[0m
[ 14%] [34m[1mGenerating Lisp code from proyecto_final/HandActionResult.msg[0m
[ 15%] [34m[1mGenerating C++ code from proyecto_final/HandResult.msg[0m
[ 24%] [34m[1mGenerating EusLisp code from proyecto_final/HandData.msg[0m
[ 31%] Built target proyecto_final_generate_messages_nodejs
[ 32%] [34m[1mGenerating EusLisp code from proyecto_final/HandActionResult.msg[0m
[ 34%] [34m[1mGenerating EusLisp code from proyecto_final/HandAction.msg[0m
[ 35%] [34m[1mGenerating Lisp code from proyecto_final/HandResult.msg[0m
[ 36%] [34m[1mGenerating EusLisp code from proyecto_final/HandResult.msg[0m
[ 37%] [34m[1mGenerating Python msg __init__.py for proyecto_final[0m
[ 52%] Built target proyecto_final_generate_messages_lisp
[ 67%] Built target proyecto_final_generate_messages_cpp
[ 84%] Built target proyecto_final_generate_messages_eus
[100%] Built target proyecto_final_generate_messages_py
[100%] Built target proyecto_final_generate_messages
